<?xml version="1.0" encoding="UTF-8"?>
<!-- Generated by org.testng.reporters.JUnitReportReporter -->
<testsuite skipped="0" hostname="DESKTOP-6KC2DDV" name="QAAutomation.MavenJava.AppiumTest" tests="2" failures="0" timestamp="2021-12-11T12:23:10 IST" time="0.007" errors="0">
  <testcase name="AppiumTest1" time="0.006" classname="QAAutomation.MavenJava.AppiumTest"/>
  <system-out/>
  <testcase name="IOSApp" time="0.001" classname="QAAutomation.MavenJava.AppiumTest"/>
  <system-out/>
</testsuite> <!-- QAAutomation.MavenJava.AppiumTest -->
