<?xml version="1.0" encoding="UTF-8"?>
<!-- Generated by org.testng.reporters.JUnitReportReporter -->
<testsuite skipped="0" hostname="DESKTOP-6KC2DDV" name="QAAutomation.MavenJava.SeleniumTest" tests="2" failures="0" timestamp="2021-12-11T12:23:10 IST" time="0.006" errors="0">
  <testcase name="elementsUI" time="0.000" classname="QAAutomation.MavenJava.SeleniumTest"/>
  <system-out/>
  <testcase name="browserAutomations" time="0.006" classname="QAAutomation.MavenJava.SeleniumTest"/>
  <system-out/>
</testsuite> <!-- QAAutomation.MavenJava.SeleniumTest -->
