<?xml version="1.0" encoding="UTF-8"?>
<!-- Generated by org.testng.reporters.JUnitReportReporter -->
<testsuite skipped="0" hostname="DESKTOP-6KC2DDV" name="QAAutomation.MavenJava.RestAPITest" tests="2" failures="0" timestamp="2021-12-11T12:23:10 IST" time="0.002" errors="0">
  <testcase name="PostJira" time="0.001" classname="QAAutomation.MavenJava.RestAPITest"/>
  <system-out/>
  <testcase name="deleteTwitter" time="0.001" classname="QAAutomation.MavenJava.RestAPITest"/>
  <system-out/>
</testsuite> <!-- QAAutomation.MavenJava.RestAPITest -->
